"../../../Engine/Content/Functions/Engine_MaterialFunctions01/Opacity/CameraDepthFade.uasset" 0
"../../../Engine/Content/EngineMaterials/T_Default_Material_Grid_M.uasset" 1
"../../../Engine/Content/EngineMaterials/T_Default_Material_Grid_N.uasset" 2
"../../../Engine/Content/EngineMaterials/DefaultMaterial.uasset" 3
"../../../Engine/Content/BasicShapes/Cone.uasset" 4
"../../../Engine/Content/BasicShapes/Cylinder.uasset" 5
"../../../Engine/Content/EditorLandscapeResources/DataLayer.uasset" 6
"../../../Engine/Content/EditorMaterials/GizmoMaterial.uasset" 7
"../../../Engine/Content/EditorMaterials/MAT_Groups_Toggle.uasset" 8
"../../../Engine/Content/EditorMaterials/MAT_Groups_Visibility.uasset" 9
"../../../Engine/Content/EditorMaterials/PreviewShadowIndicator.uasset" 10
"../../../Engine/Content/EditorMaterials/PreviewShadowIndicatorMaterial.uasset" 11
"../../../Engine/Content/EditorMaterials/AssetViewer/EpicQuadPanorama_CC+EV1.uasset" 12
"../../../Engine/Content/EditorMaterials/MatineeGroups/MAT_ColorTrack.uasset" 13
"../../../Engine/Content/EditorMaterials/MatineeGroups/MAT_Groups_Anim.uasset" 14
"../../../Engine/Content/EditorMaterials/MatineeGroups/MAT_Groups_AudioMaster.uasset" 15
"../../../Engine/Content/EditorMaterials/MatineeGroups/MAT_Groups_Director.uasset" 16
"../../../Engine/Content/EditorMaterials/MatineeGroups/MAT_Groups_Event.uasset" 17
"../../../Engine/Content/EditorMaterials/MatineeGroups/MAT_Groups_Fade.uasset" 18
"../../../Engine/Content/EditorMaterials/MatineeGroups/MAT_Groups_Float.uasset" 19
"../../../Engine/Content/EditorMaterials/MatineeGroups/MAT_Groups_Move.uasset" 20
"../../../Engine/Content/EditorMaterials/MatineeGroups/MAT_Groups_Slomo.uasset" 21
"../../../Engine/Content/EditorMaterials/MatineeGroups/MAT_Groups_Sound.uasset" 22
"../../../Engine/Content/EditorMaterials/MatineeGroups/MAT_Groups_Vector.uasset" 23
"../../../Engine/Content/EditorMaterials/ParticleSystems/PSysThumbnail_NoImage.uasset" 24
"../../../Engine/Content/EditorMaterials/ParticleSystems/PSysThumbnail_OOD.uasset" 25
"../../../Engine/Content/EditorMaterials/Camera/CineMat.uasset" 26
"../../../Engine/Content/EditorMaterials/Camera/MI_CineMat_Rig.uasset" 27
"../../../Engine/Content/EditorMeshes/Camera/SM_CraneRig_Arm.uasset" 28
"../../../Engine/Content/EditorMeshes/Camera/SM_CraneRig_Base.uasset" 29
"../../../Engine/Content/EditorMeshes/Camera/SM_CraneRig_Body.uasset" 30
"../../../Engine/Content/EditorMeshes/Camera/SM_CraneRig_Mount.uasset" 31
"../../../Engine/Content/EditorMeshes/Camera/SM_RailRig_Mount.uasset" 32
"../../../Engine/Content/EditorMeshes/Camera/SM_RailRig_Track.uasset" 33
"../../../Engine/Content/EditorResources/BSPVertex.uasset" 34
"../../../Engine/Content/EditorResources/EmptyActor.uasset" 35
"../../../Engine/Content/EditorResources/RGBTable16x1_AssetViewer.uasset" 36
"../../../Engine/Content/EditorResources/S_Actor.uasset" 37
"../../../Engine/Content/EditorResources/S_Trigger.uasset" 38
"../../../Engine/Content/EditorResources/AudioIcons/S_AudioComponent.uasset" 39
"../../../Engine/Content/EditorResources/AudioIcons/S_AudioComponent_AutoActivate.uasset" 40
"../../../Engine/Content/EditorResources/LightIcons/S_LightError.uasset" 41
"../../../Engine/Content/EditorResources/SequenceRecorder/Countdown.uasset" 42
"../../../Engine/Content/EditorResources/SequenceRecorder/RecordingIndicator.uasset" 43
"../../../Engine/Content/EditorSounds/Notifications/CompileFailed.uasset" 44
"../../../Engine/Content/EditorSounds/Notifications/CompileFailed_Cue.uasset" 45
"../../../Engine/Content/EditorSounds/Notifications/CompileSuccess.uasset" 46
"../../../Engine/Content/EditorSounds/Notifications/CompileStart_Cue.uasset" 47
"../../../Engine/Content/EditorSounds/Notifications/CompileSuccess_Cue.uasset" 48
"../../../Engine/Content/EngineDamageTypes/DmgTypeBP_Environmental.uasset" 49
"../../../Engine/Content/EngineDebugMaterials/HeatmapGradient.uasset" 50
"../../../Engine/Content/EngineDebugMaterials/BoneWeightMaterial.uasset" 51
"../../../Engine/Content/EngineDebugMaterials/DebugMeshMaterial.uasset" 52
"../../../Engine/Content/EngineDebugMaterials/GeomMaterial.uasset" 53
"../../../Engine/Content/EngineFonts/Roboto.uasset" 54
"../../../Engine/Content/EngineFonts/RobotoTiny.uasset" 55
"../../../Engine/Content/EngineMaterials/DefaultBokeh.uasset" 56
"../../../Engine/Content/EngineMaterials/DefaultDiffuse.uasset" 57
"../../../Engine/Content/EngineMaterials/DefaultDeferredDecalMaterial.uasset" 58
"../../../Engine/Content/EngineMaterials/DefaultLightFunctionMaterial.uasset" 59
"../../../Engine/Content/EngineMaterials/DefaultPhysicalMaterial.uasset" 60
"../../../Engine/Content/Functions/Engine_MaterialFunctions02/Utility/BreakOutFloat2Components.uasset" 61
"../../../Engine/Content/EngineMaterials/DefaultPostProcessMaterial.uasset" 62
"../../../Engine/Content/EngineFonts/RobotoDistanceField.uasset" 63
"../../../Engine/Content/EngineMaterials/DefaultTextMaterialOpaque.uasset" 64
"../../../Engine/Content/EngineMaterials/DefaultWhiteGrid.uasset" 65
"../../../Engine/Content/EngineMaterials/EditorBrushMaterial.uasset" 66
"../../../Engine/Content/EngineMaterials/Good64x64TilingNoiseHighFreq.uasset" 67
"../../../Engine/Content/EngineMaterials/MiniFont.uasset" 68
"../../../Engine/Content/EngineMaterials/InvalidLightmapSettings.uasset" 69
"../../../Engine/Content/EngineMaterials/M_InvalidLightmapSettings.uasset" 70
"../../../Engine/Content/EngineMaterials/PhAT_JointLimitMaterial.uasset" 71
"../../../Engine/Content/EngineMaterials/PreintegratedSkinBRDF.uasset" 72
"../../../Engine/Content/EngineMaterials/RemoveSurfaceMaterial.uasset" 73
"../../../Engine/Content/EngineMaterials/WeightMapPlaceholderTexture.uasset" 74
"../../../Engine/Content/EngineResources/WhiteSquareTexture.uasset" 75
"../../../Engine/Content/EngineMaterials/Widget3DPassThrough.uasset" 76
"../../../Engine/Content/EngineMaterials/Widget3DPassThrough_Masked.uasset" 77
"../../../Engine/Content/EngineMaterials/Widget3DPassThrough_Opaque.uasset" 78
"../../../Engine/Content/EngineMaterials/Widget3DPassThrough_Masked_OneSided.uasset" 79
"../../../Engine/Content/EngineMaterials/Widget3DPassThrough_Opaque_OneSided.uasset" 80
"../../../Engine/Content/EngineMaterials/Widget3DPassThrough_Translucent.uasset" 81
"../../../Engine/Content/EngineMaterials/Widget3DPassThrough_Translucent_OneSided.uasset" 82
"../../../Engine/Content/EngineMeshes/Cube.uasset" 83
"../../../Engine/Content/EngineMeshes/Cylinder.uasset" 84
"../../../Engine/Content/EngineMeshes/Sphere.uasset" 85
"../../../Engine/Content/EngineResources/AICON-Green.uasset" 86
"../../../Engine/Content/EngineResources/AICON-Red.uasset" 87
"../../../Engine/Content/EngineResources/Black.uasset" 88
"../../../Engine/Content/EngineResources/DefaultTexture.uasset" 89
"../../../Engine/Content/EngineResources/DefaultTextureCube.uasset" 90
"../../../Engine/Content/EngineResources/GradientTexture0.uasset" 91
"../../../Engine/Content/EngineSounds/Master.uasset" 92
"../../../Engine/Content/EngineSounds/MasterSubmix.uasset" 93
"../../../Engine/Content/EngineTireTypes/DefaultTireType.uasset" 94
"../../../Engine/Content/Functions/Engine_MaterialFunctions01/Shading/ConvertFromDiffSpec.uasset" 95
"../../../Engine/Content/Functions/Engine_MaterialFunctions01/Shading/PowerToRoughness.uasset" 96
"../../../Engine/Content/Maps/Templates/Thumbnails/Default.uasset" 97
"../../../Engine/Content/Maps/Templates/Thumbnails/VR-Basic.uasset" 98
"../../../Engine/Content/MobileResources/T_MobileControls_texture.uasset" 99
"../../../Engine/Content/MobileResources/T_MobileMenu2.uasset" 100
"../../../Engine/Content/MobileResources/HUD/AnalogHat.uasset" 101
"../../../Engine/Content/MobileResources/HUD/VirtualJoystick_Background.uasset" 102
"../../../Engine/Content/MobileResources/HUD/VirtualJoystick_Thumb.uasset" 103
"../../../Engine/Content/MobileResources/HUD/DefaultVirtualJoysticks.uasset" 104
"../../../Engine/Content/MobileResources/HUD/LeftVirtualJoystickOnly.uasset" 105
"../../../Engine/Content/MobileResources/HUD/MobileHUDButton1_off.uasset" 106
"../../../Engine/Content/MobileResources/HUD/MobileHUDButton1_on.uasset" 107
"../../../Engine/Content/MobileResources/HUD/MobileHUDButton2_off.uasset" 108
"../../../Engine/Content/MobileResources/HUD/MobileHUDButton2_on.uasset" 109
"../../../Engine/Content/MobileResources/HUD/MobileHUDButton3.uasset" 110
"../../../Engine/Content/MobileResources/HUD/MobileHUDButtonFire.uasset" 111
"../../../Engine/Content/MobileResources/HUD/MobileHUDDirectionPad.uasset" 112
"../../../Engine/Content/MobileResources/HUD/MobileHUDDirectionPad2.uasset" 113
"../../../Engine/Content/MobileResources/HUD/MobileHUDDirectionPad3.uasset" 114
"../../../Engine/Content/MobileResources/HUD/MobileHUDDirectionStick.uasset" 115
"../../../Engine/Content/MobileResources/HUD/T_Castle_ThumbstickInner.uasset" 116
"../../../Engine/Content/MobileResources/HUD/T_Castle_ThumbstickOutter.uasset" 117
"../../../Engine/Content/Tutorial/ContentIntroCurve.uasset" 118
"../../../Engine/Content/Tutorial/Basics/TutorialAssets/icon_tab_Levels_40x.uasset" 119
"../../../Engine/Content/Tutorial/BlueprintTutorials/TutorialAssets/BlueprintInterface_64x.uasset" 120
"../../../Engine/Content/Tutorial/BlueprintTutorials/TutorialAssets/BlueprintMacroLibrary_64x.uasset" 121
"../../../Engine/Content/Tutorial/BlueprintTutorials/TutorialAssets/Blueprint_64x.uasset" 122
"../../../Engine/Content/Tutorial/BlueprintTutorials/TutorialAssets/Tutorial_BP_Interface.uasset" 123
"../../../Engine/Content/Tutorial/Foliage/TutorialAssets/Foliage.uasset" 124
"../../../Engine/Content/Tutorial/Landscape/TutorialAssets/Landscape.uasset" 125
"../../../Engine/Content/Tutorial/Paper2D/TutorialAssets/Paper2DFlipbook_TutorialIcon.uasset" 126
"../../../Engine/Content/Tutorial/Paper2D/TutorialAssets/Paper2DSprite_TutorialIcon.uasset" 127
"../../../Engine/Content/Tutorial/SubEditors/TutorialAssets/icon_Editor_Preferences_General_40x.uasset" 128
"../../../Engine/Content/Tutorial/SubEditors/TutorialAssets/icon_ShowSkeletalMeshes_40x.uasset" 129
"../../../Engine/Content/Tutorial/SubEditors/TutorialAssets/TutorialMaterial.uasset" 130
"../../../Engine/Content/Tutorial/SubEditors/TutorialAssets/T_SmokeSubUV_8X8.uasset" 131
"../../../Engine/Content/Tutorial/SubEditors/TutorialAssets/T_soft_smoke.uasset" 132
"../../../Engine/Content/Tutorial/SubEditors/TutorialAssets/M_smoke_subUV_blackbody.uasset" 133
"../../../Engine/Content/Tutorial/SubEditors/TutorialAssets/TutorialParticleSystem.uasset" 134
"../../../Engine/Content/EngineMaterials/WorldGridMaterial.uasset" 135
"../../../Engine/Content/EditorMeshes/EditorCube.uasset" 136
"../../../Engine/Content/Tutorial/SubEditors/TutorialAssets/Tutorial_DM.uasset" 137
"../../../Engine/Content/VREditor/Devices/Generic/GenericHMDMaterial.uasset" 138
"../../../Engine/Content/VREditor/Devices/Generic/GenericHMD.uasset" 139
"../../../Engine/Content/VREditor/FloatingText/LineMaterial.uasset" 140
"../../../Engine/Content/VREditor/FloatingText/JointSphere.uasset" 141
"../../../Engine/Content/VREditor/FloatingText/LineSegmentCylinder.uasset" 142
"../../../Engine/Content/VREditor/Fonts/VRText_RobotoLarge.uasset" 143
"../../../Engine/Content/VREditor/Fonts/VRTextMaterial.uasset" 144
"../../../Engine/Content/VREditor/Fonts/TranslucentVRTextMaterial.uasset" 145
"../../../Engine/Content/VREditor/LaserPointer/VR_LaserPower_01.uasset" 146
"../../../Engine/Content/VREditor/LaserPointer/LaserPointerMaterial.uasset" 147
"../../../Engine/Content/VREditor/LaserPointer/LaserPointerMaterialInst.uasset" 148
"../../../Engine/Content/VREditor/LaserPointer/TranslucentLaserPointerMaterialInst.uasset" 149
"../../../Engine/Content/VREditor/LaserPointer/LaserPointerMesh.uasset" 150
"../../../Engine/Content/VREditor/Sounds/VR_grab_Cue.uasset" 151
"../../../Engine/Content/VREditor/Sounds/VR_teleport_Cue.uasset" 152
"../../../Engine/Content/VREditor/TransformGizmo/TransformGizmoMaterial.uasset" 153
"../../../Engine/Content/VREditor/TransformGizmo/TranslucentTransformGizmoMaterial.uasset" 154
"../../../Engine/Content/VREditor/TransformGizmo/BoundingBoxCorner.uasset" 155
"../../../Engine/Content/VREditor/TransformGizmo/BoundingBoxEdge.uasset" 156
"../../../Engine/Content/VREditor/TransformGizmo/PlaneTranslationHandle.uasset" 157
"../../../Engine/Content/VREditor/TransformGizmo/RotationHandle.uasset" 158
"../../../Engine/Content/VREditor/TransformGizmo/RotationHandleFull.uasset" 159
"../../../Engine/Content/VREditor/TransformGizmo/StretchingHandle.uasset" 160
"../../../Engine/Content/VREditor/TransformGizmo/TranslateHandleLong.uasset" 161
"../../../Engine/Content/VREditor/TransformGizmo/TranslationHandle.uasset" 162
"../../../Engine/Content/VREditor/TransformGizmo/UniformScaleHandle.uasset" 163
"../../../Engine/Content/VREditor/UI/CloseButtonMesh.uasset" 164
"../../../Engine/Content/VREditor/UI/SelectionBarMesh.uasset" 165
"../../../Engine/Content/Functions/Engine_MaterialFunctions01/Gradient/RadialGradient.uasset" 166
"../../../Engine/Content/VREditor/WorldMovementGrid/SimpleGrid.uasset" 167
"../../../Engine/Content/VREditor/WorldMovementGrid/GridMaterial.uasset" 168
"../../../Engine/Content/Functions/Engine_MaterialFunctions01/Density/ExponentialDensity.uasset" 169
"../../../Engine/Content/VREditor/WorldMovementGrid/GridPostProcess.uasset" 170
"../../../Engine/Content/EditorLandscapeResources/FlattenHeightMat.uasset" 171
"../../../Engine/Content/VREditor/WorldMovementGrid/PlaneMesh.uasset" 172
"../../../Duat/Content/Images/BaseBeam.uasset" 173
"../../../Duat/Content/Images/BeamPulse.uasset" 174
"../../../Duat/Content/LaserMaterial.uasset" 175
"../../../Duat/Content/Materials/LaserMaterial.uasset" 176
"../../../Duat/Content/LaserParticle.uasset" 177
"../../../Duat/Content/Cinematics/Sequences/RecordedSequence.uasset" 178
"../../../Duat/Content/DoorStuff/Door1-2_StaticMesh.uasset" 179
"../../../Duat/Content/DoorStuff/OpenSesame.uasset" 180
"../../../Duat/Content/Geometry/Meshes/CubeMaterial.uasset" 181
"../../../Duat/Content/Geometry/Meshes/TemplateFloor.uasset" 182
"../../../Duat/Content/Images/BD_Weighing_of_the_Heart.uasset" 183
"../../../Duat/Content/Images/duatCredits.uasset" 184
"../../../Duat/Content/Images/Egyptian_harvest.uasset" 185
"../../../Duat/Content/Images/Weighing_of_the_heart3.uasset" 186
"../../../Duat/Content/StarterContent/Textures/T_Smoke_SubUV.uasset" 187
"../../../Duat/Content/StarterContent/Textures/T_Smoke_Tiled_D.uasset" 188
"../../../Duat/Content/StarterContent/Particles/Materials/M_smoke_subUV.uasset" 189
"../../../Duat/Content/Particles/P_Smoke.uasset" 190
"../../../Duat/Content/playerAssets/birdman_Skeleton.uasset" 191
"../../../Duat/Content/playerAssets/birdman_Anim.uasset" 192
"../../../Duat/Content/SFX/Shot1.uasset" 193
"../../../Duat/Content/SFX/Shot2.uasset" 194
"../../../Duat/Content/StarterContent/Materials/M_Basic_Wall.uasset" 195
"../../../Duat/Content/StarterContent/Architecture/Pillar_50x500.uasset" 196
"../../../Duat/Content/StarterContent/Architecture/Wall_400x300.uasset" 197
"../../../Duat/Content/StarterContent/Architecture/Wall_400x400.uasset" 198
"../../../Duat/Content/StarterContent/Architecture/Wall_500x500.uasset" 199
"../../../Duat/Content/StarterContent/Architecture/Wall_Door_400x400.uasset" 200
"../../../Duat/Content/StarterContent/Architecture/Wall_Window_400x400.uasset" 201
"../../../Duat/Content/StarterContent/Audio/Light01_Cue.uasset" 202
"../../../Duat/Content/StarterContent/Audio/Light02_Cue.uasset" 203
"../../../Duat/Content/StarterContent/Audio/Explosion_Cue.uasset" 204
"../../../Duat/Content/StarterContent/Textures/T_Burst_M.uasset" 205
"../../../Duat/Content/StarterContent/Particles/Materials/M_Burst.uasset" 206
"../../../Duat/Content/StarterContent/Textures/T_Explosion_SubUV.uasset" 207
"../../../Duat/Content/StarterContent/Particles/Materials/M_explosion_subUV.uasset" 208
"../../../Duat/Content/StarterContent/Particles/Materials/m_flare_01.uasset" 209
"../../../Duat/Content/StarterContent/Particles/Materials/M_radial_ramp.uasset" 210
"../../../Duat/Content/StarterContent/Particles/P_Explosion.uasset" 211
"../../../Duat/Content/StarterContent/Blueprints/Blueprint_Effect_Explosion.uasset" 212
"../../../Engine/Content/EditorMeshes/ColorCalibrator/T_ColorGrid.uasset" 213
"../../../Duat/Content/StarterContent/Materials/M_ColorGrid_LowSpec.uasset" 214
"../../../Duat/Content/StarterContent/Textures/T_Bush_D.uasset" 215
"../../../Duat/Content/StarterContent/Textures/T_Bush_N.uasset" 216
"../../../Duat/Content/StarterContent/Props/Materials/M_Bush.uasset" 217
"../../../Duat/Content/StarterContent/Props/SM_Bush.uasset" 218
"../../../Duat/Content/StarterContent/Textures/T_Chair_M.uasset" 219
"../../../Duat/Content/StarterContent/Textures/T_Chair_N.uasset" 220
"../../../Duat/Content/StarterContent/Props/Materials/M_Chair.uasset" 221
"../../../Duat/Content/StarterContent/Props/SM_Couch.uasset" 222
"../../../Duat/Content/StarterContent/Materials/M_Glass.uasset" 223
"../../../Duat/Content/StarterContent/Textures/T_Door_M.uasset" 224
"../../../Duat/Content/StarterContent/Textures/T_Door_N.uasset" 225
"../../../Duat/Content/StarterContent/Props/Materials/M_Door.uasset" 226
"../../../Duat/Content/StarterContent/Props/SM_Door.uasset" 227
"../../../Duat/Content/StarterContent/Props/Materials/M_MaterialSphere.uasset" 228
"../../../Duat/Content/StarterContent/Props/Materials/M_MaterialSphere_Plain.uasset" 229
"../../../Duat/Content/StarterContent/Props/SM_MatPreviewMesh_02.uasset" 230
"../../../Engine/Content/Functions/Engine_MaterialFunctions02/Utility/BlendAngleCorrectedNormals.uasset" 231
"../../../Duat/Content/StarterContent/Textures/T_Detail_Rocky_N.uasset" 232
"../../../Duat/Content/StarterContent/Textures/T_Rock_Basalt_D.uasset" 233
"../../../Duat/Content/StarterContent/Textures/T_RockMesh_M.uasset" 234
"../../../Duat/Content/StarterContent/Textures/T_RockMesh_N.uasset" 235
"../../../Duat/Content/StarterContent/Props/Materials/M_Rock.uasset" 236
"../../../Duat/Content/StarterContent/Props/SM_Rock.uasset" 237
"../../../Duat/Content/StarterContent/Textures/T_Shelf_M.uasset" 238
"../../../Duat/Content/StarterContent/Textures/T_Shelf_N.uasset" 239
"../../../Duat/Content/StarterContent/Props/Materials/M_Shelf.uasset" 240
"../../../Duat/Content/StarterContent/Props/SM_Shelf.uasset" 241
"../../../Duat/Content/StarterContent/Materials/M_Basic_Floor.uasset" 242
"../../../Duat/Content/StarterContent/Props/SM_Stairs.uasset" 243
"../../../Duat/Content/StarterContent/Shapes/Shape_Cone.uasset" 244
"../../../Duat/Content/StarterContent/Shapes/Shape_Cylinder.uasset" 245
"../../../Duat/Content/StarterContent/Shapes/Shape_NarrowCapsule.uasset" 246
"../../../Duat/Content/StarterContent/Shapes/Shape_Pipe.uasset" 247
"../../../Duat/Content/StarterContent/Shapes/Shape_Pipe_180.uasset" 248
"../../../Duat/Content/StarterContent/Shapes/Shape_Pipe_90.uasset" 249
"../../../Duat/Content/StarterContent/Shapes/Shape_Plane.uasset" 250
"../../../Duat/Content/StarterContent/Shapes/Shape_Torus.uasset" 251
"../../../Duat/Content/StarterContent/Shapes/Shape_Trim.uasset" 252
"../../../Duat/Content/StarterContent/Shapes/Shape_Trim_90_In.uasset" 253
"../../../Duat/Content/StarterContent/Shapes/Shape_Trim_90_Out.uasset" 254
"../../../Duat/Content/StarterContent/Shapes/Shape_TriPyramid.uasset" 255
"../../../Duat/Content/StarterContent/Shapes/Shape_Tube.uasset" 256
"../../../Duat/Content/StarterContent/Shapes/Shape_Wedge_A.uasset" 257
"../../../Duat/Content/StarterContent/Shapes/Shape_Wedge_B.uasset" 258
"../../../Duat/Content/StarterContent/Shapes/Shape_WideCapsule.uasset" 259
"../../../Duat/Content/TwinStick/Meshes/BaseMaterial.uasset" 260
"../../../Duat/Content/TwinStick/Meshes/HealMesh.uasset" 261
"../../../Engine/Content/EditorBlueprintResources/StandardMacros.uasset" 262
"../../../Duat/Content/TwinStick/Meshes/OrangeMaterial.uasset" 263
"../../../Duat/Content/TwinStick/Meshes/TwinStickProjectile.uasset" 264
"../../../Duat/Content/TwinStickBP/Blueprints/TwinStickProjectile.uasset" 265
"../../../Duat/Content/TwinStick/Audio/TwinStickFire.uasset" 266
"../../../Duat/Content/TwinStick/Meshes/EnemyBase.uasset" 267
"../../../Duat/Content/TwinStick/Meshes/BlueMaterial.uasset" 268
"../../../Duat/Content/TwinStick/Meshes/TwinStickUFO.uasset" 269
"../../../Duat/Content/TwinStickBP/Blueprints/Falcon.uasset" 270
"../../../Duat/Content/TwinStick/Meshes/HealMaterial.uasset" 271
"../../../Duat/Content/TwinStick/Meshes/HealBallMesh.uasset" 272
"../../../Duat/Content/TwinStickBP/Blueprints/HealBallMesh.uasset" 273
"../../../Duat/Content/EnemyAssets/KillerDrone_UV_.uasset" 274
"../../../Duat/Content/EnemyAssets/Material.uasset" 275
"../../../Duat/Content/EnemyAssets/KillerDrone_PhysicsAsset.uasset" 276
"../../../Duat/Content/EnemyAssets/KillerDrone_Skeleton.uasset" 277
"../../../Duat/Content/EnemyAssets/KillerDrone.uasset" 278
"../../../Duat/Content/TwinStickBP/Blueprints/IgnoreMe.uasset" 279
"../../../Duat/Content/TwinStickBP/Blueprints/NotJack.uasset" 280
"../../../Duat/Content/TwinStick/Meshes/RedMaterial.uasset" 281
"../../../Duat/Content/TwinStick/Meshes/EnemyProjectile.uasset" 282
"../../../Duat/Content/TwinStickBP/Blueprints/OsirisProjectile.uasset" 283
"../../../Duat/Content/TwinStickBP/Blueprints/EnemyProjectile.uasset" 284
"../../../Duat/Content/DoorStuff/EnemyTrackerBP.uasset" 285
"../../../Duat/Content/Widgets/EnemyHealth.uasset" 286
"../../../Duat/Content/EnemyAssets/boneTexture.uasset" 287
"../../../Duat/Content/EnemyAssets/bone.uasset" 288
"../../../Duat/Content/EnemyAssets/boneSkin.uasset" 289
"../../../Duat/Content/EnemyAssets/spirit_PhysicsAsset.uasset" 290
"../../../Duat/Content/EnemyAssets/spirit_Skeleton.uasset" 291
"../../../Duat/Content/EnemyAssets/spirit.uasset" 292
"../../../Duat/Content/SFX/Hit1.uasset" 293
"../../../Duat/Content/SFX/Hit2.uasset" 294
"../../../Duat/Content/SFX/Hit3.uasset" 295
"../../../Duat/Content/StarterContent/Audio/Smoke01.uasset" 296
"../../../Duat/Content/StarterContent/Particles/P_Smoke.uasset" 297
"../../../Duat/Content/StarterContent/Particles/P_Steam_Lit.uasset" 298
"../../../Duat/Content/TwinStickBP/Blueprints/SpiritChar.uasset" 299
"../../../Duat/Content/TwinStickBP/Blueprints/TwinStickPawn.uasset" 300
"../../../Duat/Content/TwinStickBP/Blueprints/AIStuff/AgroCheck.uasset" 301
"../../../Duat/Content/TwinStickBP/Blueprints/AIStuff/CloseTo.uasset" 302
"../../../Duat/Content/TwinStickBP/Blueprints/AIStuff/FindRandom.uasset" 303
"../../../Duat/Content/TwinStickBP/Blueprints/AIStuff/Ignore.uasset" 304
"../../../Duat/Content/TwinStickBP/Blueprints/AIStuff/IgnoreMePls.uasset" 305
"../../../Duat/Content/TwinStickBP/Blueprints/AIStuff/RandomMove.uasset" 306
"../../../Duat/Content/TwinStickBP/Blueprints/AIStuff/IgnorePls.uasset" 307
"../../../Duat/Content/TwinStickBP/Blueprints/AIStuff/MoveLocation.uasset" 308
"../../../Duat/Content/TwinStickBP/Blueprints/AIStuff/RunTo.uasset" 309
"../../../Duat/Content/Images/Am12thHour.uasset" 310
"../../../Duat/Content/Widgets/OpeningCinematic.uasset" 311
"../../../Duat/Content/Images/Target-PNG.uasset" 312
"../../../Duat/Content/Widgets/Targeting.uasset" 313
"../../../Engine/Plugins/2D/Paper2D/Content/DummySprite.uasset" 314
"../../../Engine/Plugins/2D/Paper2D/Content/DefaultPaperTerrainMaterial.uasset" 315
"../../../Engine/Plugins/2D/Paper2D/Content/DefaultSpriteMaterial.uasset" 316
"../../../Engine/Plugins/2D/Paper2D/Content/MaskedUnlitSpriteMaterial.uasset" 317
"../../../Engine/Plugins/2D/Paper2D/Content/OpaqueUnlitSpriteMaterial.uasset" 318
"../../../Engine/Plugins/2D/Paper2D/Content/PlaceholderTextures/DummySpriteTexture.uasset" 319
"../../../Duat/Content/TwinStickBP/Blueprints/AIStuff/JackalBlackboard.uasset" 320
"../../../Duat/Content/TwinStickBP/Blueprints/AIStuff/FocusOnPlayer.uasset" 321
"../../../Duat/Content/TwinStickBP/Blueprints/AIStuff/MoveNearPlayer.uasset" 322
"../../../Duat/Content/TwinStickBP/Blueprints/AIStuff/StopLookingAtPlayer.uasset" 323
"../../../Duat/Content/TwinStickBP/Blueprints/AIStuff/RealJackalBehavior.uasset" 324
"../../../Duat/Content/playerAssets/birdmanStand.uasset" 325
"../../../Duat/Content/playerAssets/characterRun.uasset" 326
"../../../Duat/Content/TwinStickBP/Blueprints/HitShake.uasset" 327
"../../../Duat/Content/TwinStickBP/Blueprints/JackalProjectile.uasset" 328
"../../../Engine/Content/BasicShapes/BasicShapeMaterial.uasset" 329
"../../../Engine/Content/BasicShapes/Cube.uasset" 330
"../../../Duat/Content/EnemyAssets/obelisk_texture.uasset" 331
"../../../Duat/Content/EnemyAssets/lambert4.uasset" 332
"../../../Duat/Content/EnemyAssets/obelisk2_PhysicsAsset.uasset" 333
"../../../Duat/Content/EnemyAssets/obelisk2_Skeleton.uasset" 334
"../../../Duat/Content/EnemyAssets/obelisk2.uasset" 335
"../../../Duat/Content/Particles/LaserParticle.uasset" 336
"../../../Duat/Content/SFX/LaserAttenuate.uasset" 337
"../../../Duat/Content/SFX/LaserFire.uasset" 338
"../../../Duat/Content/SFX/ObeliskCollapse.uasset" 339
"../../../Duat/Content/TwinStickBP/Blueprints/ObeliskLaser.uasset" 340
"../../../Duat/Content/playerAssets/pasted__blinn2.uasset" 341
"../../../Duat/Content/playerAssets/pasted__blinn3.uasset" 342
"../../../Duat/Content/playerAssets/pasted__blinn4.uasset" 343
"../../../Duat/Content/playerAssets/pasted__blinn5.uasset" 344
"../../../Duat/Content/playerAssets/pasted__lambert2.uasset" 345
"../../../Duat/Content/playerAssets/pasted__phongE1.uasset" 346
"../../../Duat/Content/playerAssets/birdman_PhysicsAsset.uasset" 347
"../../../Duat/Content/playerAssets/birdman.uasset" 348
"../../../Duat/Content/SFX/Grunt1.uasset" 349
"../../../Duat/Content/SFX/Grunt2.uasset" 350
"../../../Duat/Content/SFX/Grunt3.uasset" 351
"../../../Duat/Content/SFX/Grunt4.uasset" 352
"../../../Duat/Content/SFX/Grunt5.uasset" 353
"../../../Duat/Content/SFX/ShotFilter.uasset" 354
"../../../Duat/Content/StarterContent/Audio/Explosion02.uasset" 355
"../../../Duat/Content/TwinStickBP/Blueprints/PlayerChar.uasset" 356
"../../../Duat/Content/TwinStickBP/Blueprints/AIStuff/RealController.uasset" 357
"../../../Duat/Content/EnemyAssets/jackalSkin.uasset" 358
"../../../Duat/Content/EnemyAssets/blinn1.uasset" 359
"../../../Duat/Content/EnemyAssets/lambert5.uasset" 360
"../../../Duat/Content/EnemyAssets/jackal_PhysicsAsset.uasset" 361
"../../../Duat/Content/EnemyAssets/jackal_Skeleton.uasset" 362
"../../../Duat/Content/EnemyAssets/jackal.uasset" 363
"../../../Duat/Content/SFX/JackalBark.uasset" 364
"../../../Duat/Content/SFX/JackalWhimper.uasset" 365
"../../../Duat/Content/TwinStickBP/Blueprints/AIStuff/FinalJackal.uasset" 366
"../../../Duat/Content/TwinStickBP/Blueprints/ObeliskTrack.uasset" 367
"../../../Duat/Content/StarterContent/Audio/Collapse02.uasset" 368
"../../../Duat/Content/TwinStickBP/Blueprints/WillBoss.uasset" 369
"../../../Duat/Content/CameraTestingAssets/CameraTransition2to1_Blueprint.uasset" 370
"../../../Duat/Content/DoorStuff/Room1Trigger_Blueprint.uasset" 371
"../../../Engine/Content/EngineSky/C_Sky_Cloud_Color.uasset" 372
"../../../Engine/Content/EngineSky/C_Sky_Horizon_Color.uasset" 373
"../../../Engine/Content/EngineSky/C_Sky_Zenith_Color.uasset" 374
"../../../Engine/Content/EngineSky/T_Sky_Blue.uasset" 375
"../../../Engine/Content/EngineSky/T_Sky_Clouds_M.uasset" 376
"../../../Engine/Content/EngineSky/T_Sky_Stars.uasset" 377
"../../../Engine/Content/EngineSky/M_Sky_Panning_Clouds2.uasset" 378
"../../../Engine/Content/EngineSky/SM_SkySphere.uasset" 379
"../../../Engine/Content/EngineSky/BP_Sky_Sphere.uasset" 380
"../../../Duat/Content/StarterContent/Textures/T_MacroVariation.uasset" 381
"../../../Duat/Content/StarterContent/Textures/T_Perlin_Noise_M.uasset" 382
"../../../Duat/Content/StarterContent/Textures/T_Rock_Sandstone_D.uasset" 383
"../../../Duat/Content/StarterContent/Textures/T_Rock_Sandstone_N.uasset" 384
"../../../Duat/Content/StarterContent/Materials/M_Rock_Sandstone.uasset" 385
"../../../Duat/Content/DoorStuff/Door1Brush_StaticMesh.uasset" 386
"../../../Duat/Content/DoorStuff/Door1Brush_StaticMesh_Blueprint.uasset" 387
"../../../Duat/Content/DoorStuff/door1lower.uasset" 388
"../../../Duat/Content/DoorStuff/Door2Lower.uasset" 389
"../../../Duat/Content/DoorStuff/Door3Lower.uasset" 390
"../../../Duat/Content/WillBossSandbox_BuiltData.uasset" 391
"../../../Duat/Content/Music/GameMusic.uasset" 392
"../../../Duat/Content/Widgets/PlayerHealth.uasset" 393
"../../../Duat/Content/WillBossSandbox.umap" 394
"../../../Duat/Content/TwinStickBP/Blueprints/Osiris.uasset" 395
"../../../Duat/Content/BossTest.umap" 396
"../../../Duat/Content/CameraTestLevel_BuiltData.uasset" 397
"../../../Duat/Content/CameraTestLevel.umap" 398
"../../../Duat/Content/CameraTestLevelOld_BuiltData.uasset" 399
"../../../Duat/Content/CameraTestLevelOld.umap" 400
"../../../Duat/Content/DoorStuff/TheSucc.uasset" 401
"../../../Duat/Content/DoorStuff/Room1EnemyChecker_Blueprint.uasset" 402
"../../../Duat/Content/DoorTest.umap" 403
"../../../Duat/Content/Music/GameOverMusic.uasset" 404
"../../../Duat/Content/Images/sarcophagus.uasset" 405
"../../../Duat/Content/Widgets/GameOver.uasset" 406
"../../../Duat/Content/GameOver.umap" 407
"../../../Duat/Content/StartScreen_BuiltData.uasset" 408
"../../../Duat/Content/Music/StartMusic.uasset" 409
"../../../Duat/Content/Images/duat.uasset" 410
"../../../Duat/Content/Widgets/StartScreen.uasset" 411
"../../../Duat/Content/StartScreen.umap" 412
"../../../Duat/Content/TwinStickBP/Blueprints/Obelisk1Laser.uasset" 413
"../../../Duat/Content/loopyshit.uasset" 414
"../../../Duat/Content/EnemyAssets/lambert5fatso.uasset" 415
"../../../Duat/Content/TwinStickBP/Blueprints/ObeliskTrackFatso.uasset" 416
"../../../Engine/Content/BasicShapes/Sphere.uasset" 417
"../../../Duat/Content/SFX/Heal.uasset" 418
"../../../Duat/Content/TwinStickBP/Blueprints/HealBall_Blueprint.uasset" 419
"../../../Duat/Content/Cinematics/Door4Lower.uasset" 420
"../../../Duat/Content/Cinematics/Sequences/GameStartSequence.uasset" 421
"../../../Duat/Content/DoorStuff/Door0Lower.uasset" 422
"../../../Duat/Content/DoorStuff/Door10Lower.uasset" 423
"../../../Duat/Content/DoorStuff/Door11Lower.uasset" 424
"../../../Duat/Content/DoorStuff/Door5Lower.uasset" 425
"../../../Duat/Content/DoorStuff/Door6Lower.uasset" 426
"../../../Duat/Content/DoorStuff/Door7Lower.uasset" 427
"../../../Duat/Content/DoorStuff/Door8Lower.uasset" 428
"../../../Duat/Content/DoorStuff/Door9Lower.uasset" 429
"../../../Duat/Content/TestLevel_BuiltData.uasset" 430
"../../../Duat/Content/Music/bosstune.uasset" 431
"../../../Duat/Content/SFX/DoorClose.uasset" 432
"../../../Duat/Content/SFX/DoorOpen.uasset" 433
"../../../Duat/Content/TestLevel.umap" 434
"../../../Engine/Content/Maps/Entry.umap" 435
"../../../Duat/Content/Music/BirdsMusic.uasset" 436
"../../../Duat/Content/Images/AaruFish.uasset" 437
"../../../Duat/Content/Images/AaruPond.uasset" 438
"../../../Duat/Content/Images/creditsNew.uasset" 439
"../../../Duat/Content/Images/FieldHieroglyph.uasset" 440
"../../../Duat/Content/Images/MoreHieroglyphs.uasset" 441
"../../../Duat/Content/Images/Reeds.uasset" 442
"../../../Duat/Content/Images/SoulWeight.uasset" 443
"../../../Duat/Content/Widgets/WinScreen.uasset" 444
"../../../Duat/Content/YouWin.umap" 445
"../../../Duat/Content/Maps/WinLevel.umap" 446
"../../../Duat/Content/StarterContent/Blueprints/Assets/FogBrightnessLUT.uasset" 447
"../../../Duat/Content/StarterContent/Blueprints/Assets/SunlightColorLUT.uasset" 448
"../../../Duat/Content/StarterContent/Blueprints/Assets/M_LightStage_Arrows.uasset" 449
"../../../Engine/Content/MapTemplates/Sky/DaylightAmbientCubemap.uasset" 450
"../../../Duat/Content/StarterContent/Blueprints/Assets/M_LightStage_Skybox_Master.uasset" 451
"../../../Duat/Content/StarterContent/Blueprints/Assets/M_LightStage_Skybox_Black.uasset" 452
"../../../Duat/Content/StarterContent/Blueprints/Assets/M_LightStage_Skybox_HDRI.uasset" 453
"../../../Engine/Content/EditorMaterials/Thumbnails/SkySphereMaterial.uasset" 454
"../../../Duat/Content/StarterContent/Blueprints/Assets/Skybox.uasset" 455
"../../../Duat/Content/StarterContent/Blueprints/Assets/SM_Arrows.uasset" 456
"../../../Duat/Content/StarterContent/HDRI/HDRI_Epic_Courtyard_Daylight.uasset" 457
"../../../Duat/Content/StarterContent/Blueprints/BP_LightStudio.uasset" 458
"../../../Duat/Content/StarterContent/Materials/M_AssetPlatform.uasset" 459
"../../../Engine/Content/EditorMeshes/ColorCalibrator/M_ChromeBall.uasset" 460
"../../../Engine/Content/EditorMeshes/ColorCalibrator/M_ClearCoat.uasset" 461
"../../../Engine/Content/EditorMeshes/ColorCalibrator/M_ClearCoatBlack.uasset" 462
"../../../Engine/Content/EditorMeshes/ColorCalibrator/M_ColorGrid.uasset" 463
"../../../Engine/Content/EditorMeshes/ColorCalibrator/M_GreyBall.uasset" 464
"../../../Engine/Content/EditorMeshes/ColorCalibrator/SM_ColorCalibrator.uasset" 465
"../../../Duat/Content/StarterContent/Architecture/SM_AssetPlatform.uasset" 466
"../../../Duat/Content/StarterContent/Maps/Advanced_Lighting.umap" 467
"../../../Duat/Content/StarterContent/Materials/M_Metal_Brushed_Nickel.uasset" 468
"../../../Duat/Content/StarterContent/Textures/T_Metal_Aluminum_D.uasset" 469
"../../../Duat/Content/StarterContent/Textures/T_Metal_Gold_N.uasset" 470
"../../../Duat/Content/StarterContent/Materials/M_Metal_Burnished_Steel.uasset" 471
"../../../Duat/Content/StarterContent/Textures/T_Metal_Copper_D.uasset" 472
"../../../Duat/Content/StarterContent/Materials/M_Metal_Copper.uasset" 473
"../../../Duat/Content/StarterContent/Textures/T_Statue_M.uasset" 474
"../../../Duat/Content/StarterContent/Textures/T_Statue_N.uasset" 475
"../../../Duat/Content/StarterContent/Props/Materials/M_StatueGlass.uasset" 476
"../../../Duat/Content/StarterContent/Architecture/Floor_400x400.uasset" 477
"../../../Duat/Content/StarterContent/Audio/Starter_Background_Cue.uasset" 478
"../../../Duat/Content/StarterContent/Props/SM_Chair.uasset" 479
"../../../Duat/Content/StarterContent/Props/Materials/M_Statue.uasset" 480
"../../../Duat/Content/StarterContent/Props/SM_Statue.uasset" 481
"../../../Duat/Content/StarterContent/Textures/T_TableRound_M.uasset" 482
"../../../Duat/Content/StarterContent/Textures/T_TableRound_N.uasset" 483
"../../../Duat/Content/StarterContent/Props/Materials/M_TableRound.uasset" 484
"../../../Duat/Content/StarterContent/Props/SM_TableRound.uasset" 485
"../../../Duat/Content/StarterContent/Maps/Minimal_Default.umap" 486
"../../../Duat/Content/StarterContent/Audio/Fire01_Cue.uasset" 487
"../../../Duat/Content/StarterContent/Textures/T_Fire_SubUV.uasset" 488
"../../../Duat/Content/StarterContent/Textures/T_Fire_Tiled_D.uasset" 489
"../../../Duat/Content/StarterContent/Particles/Materials/M_Fire_SubUV.uasset" 490
"../../../Duat/Content/StarterContent/Textures/T_Water_N.uasset" 491
"../../../Duat/Content/StarterContent/Particles/Materials/M_Heat_Distortion.uasset" 492
"../../../Duat/Content/StarterContent/Particles/Materials/M_Radial_Gradient.uasset" 493
"../../../Duat/Content/StarterContent/Particles/P_Fire.uasset" 494
"../../../Duat/Content/StarterContent/Blueprints/Blueprint_Effect_Fire.uasset" 495
"../../../Duat/Content/StarterContent/Audio/Smoke01_Cue.uasset" 496
"../../../Duat/Content/StarterContent/Blueprints/Blueprint_Effect_Smoke.uasset" 497
"../../../Duat/Content/StarterContent/Audio/Fire_Sparks01_Cue.uasset" 498
"../../../Duat/Content/StarterContent/Textures/T_Spark_Core.uasset" 499
"../../../Duat/Content/StarterContent/Particles/Materials/M_Spark.uasset" 500
"../../../Duat/Content/StarterContent/Particles/P_Sparks.uasset" 501
"../../../Duat/Content/StarterContent/Blueprints/Blueprint_Effect_Sparks.uasset" 502
"../../../Duat/Content/StarterContent/Audio/Steam01_Cue.uasset" 503
"../../../Duat/Content/StarterContent/Blueprints/Blueprint_Effect_Steam.uasset" 504
"../../../Duat/Content/StarterContent/Textures/T_Lamp_M.uasset" 505
"../../../Duat/Content/StarterContent/Textures/T_Lamp_N.uasset" 506
"../../../Duat/Content/StarterContent/Props/Materials/M_Lamp.uasset" 507
"../../../Duat/Content/StarterContent/Props/SM_Lamp_Ceiling.uasset" 508
"../../../Duat/Content/StarterContent/Blueprints/Blueprint_CeilingLight.uasset" 509
"../../../Duat/Content/StarterContent/Props/SM_Lamp_Wall.uasset" 510
"../../../Duat/Content/StarterContent/Blueprints/Blueprint_WallSconce.uasset" 511
"../../../Engine/Content/Functions/Engine_MaterialFunctions03/Procedurals/ComputeFilterWidth.uasset" 512
"../../../Engine/Content/EngineMaterials/AntiAliasedTextMaterialTranslucent.uasset" 513
"../../../Duat/Content/StarterContent/Textures/T_Brick_Clay_Beveled_D.uasset" 514
"../../../Duat/Content/StarterContent/Textures/T_Brick_Clay_Beveled_M.uasset" 515
"../../../Duat/Content/StarterContent/Textures/T_Brick_Clay_Beveled_N.uasset" 516
"../../../Duat/Content/StarterContent/Materials/M_Brick_Clay_Beveled.uasset" 517
"../../../Duat/Content/StarterContent/Textures/T_Brick_Clay_New_D.uasset" 518
"../../../Duat/Content/StarterContent/Textures/T_Brick_Clay_New_M.uasset" 519
"../../../Duat/Content/StarterContent/Textures/T_Brick_Clay_New_N.uasset" 520
"../../../Duat/Content/StarterContent/Materials/M_Brick_Clay_New.uasset" 521
"../../../Duat/Content/StarterContent/Textures/T_Brick_Clay_Old_D.uasset" 522
"../../../Duat/Content/StarterContent/Textures/T_Brick_Clay_Old_N.uasset" 523
"../../../Duat/Content/StarterContent/Materials/M_Brick_Clay_Old.uasset" 524
"../../../Duat/Content/StarterContent/Textures/T_Brick_Cut_Stone_D.uasset" 525
"../../../Duat/Content/StarterContent/Textures/T_Brick_Cut_Stone_N.uasset" 526
"../../../Duat/Content/StarterContent/Materials/M_Brick_Cut_Stone.uasset" 527
"../../../Duat/Content/StarterContent/Textures/T_Brick_Hewn_Stone_D.uasset" 528
"../../../Duat/Content/StarterContent/Textures/T_Brick_Hewn_Stone_M.uasset" 529
"../../../Duat/Content/StarterContent/Textures/T_Brick_Hewn_Stone_N.uasset" 530
"../../../Duat/Content/StarterContent/Materials/M_Brick_Hewn_Stone.uasset" 531
"../../../Duat/Content/StarterContent/Textures/T_Ceramic_Tile_M.uasset" 532
"../../../Duat/Content/StarterContent/Textures/T_Ceramic_Tile_N.uasset" 533
"../../../Duat/Content/StarterContent/Textures/T_Rock_Marble_Polished_D.uasset" 534
"../../../Duat/Content/StarterContent/Materials/M_Ceramic_Tile_Checker.uasset" 535
"../../../Duat/Content/StarterContent/Textures/T_CobbleStone_Pebble_D.uasset" 536
"../../../Duat/Content/StarterContent/Textures/T_CobbleStone_Pebble_M.uasset" 537
"../../../Duat/Content/StarterContent/Textures/T_CobbleStone_Pebble_N.uasset" 538
"../../../Duat/Content/StarterContent/Materials/M_CobbleStone_Pebble.uasset" 539
"../../../Duat/Content/StarterContent/Textures/T_CobbleStone_Rough_D.uasset" 540
"../../../Duat/Content/StarterContent/Textures/T_CobbleStone_Rough_N.uasset" 541
"../../../Duat/Content/StarterContent/Textures/T_Gradinet_01.uasset" 542
"../../../Duat/Content/StarterContent/Textures/T_Rock_Smooth_Granite_D.uasset" 543
"../../../Duat/Content/StarterContent/Materials/M_CobbleStone_Rough.uasset" 544
"../../../Duat/Content/StarterContent/Textures/T_CobbleStone_Smooth_D.uasset" 545
"../../../Duat/Content/StarterContent/Textures/T_CobbleStone_Smooth_M.uasset" 546
"../../../Duat/Content/StarterContent/Textures/T_CobbleStone_Smooth_N.uasset" 547
"../../../Duat/Content/StarterContent/Materials/M_CobbleStone_Smooth.uasset" 548
"../../../Duat/Content/StarterContent/Textures/T_Concrete_Grime_D.uasset" 549
"../../../Duat/Content/StarterContent/Textures/T_Metal_Rust_N.uasset" 550
"../../../Duat/Content/StarterContent/Materials/M_Concrete_Grime.uasset" 551
"../../../Duat/Content/StarterContent/Textures/T_Concrete_Panels_D.uasset" 552
"../../../Duat/Content/StarterContent/Textures/T_Concrete_Panels_N.uasset" 553
"../../../Duat/Content/StarterContent/Materials/M_Concrete_Panels.uasset" 554
"../../../Duat/Content/StarterContent/Textures/T_Concrete_Poured_D.uasset" 555
"../../../Duat/Content/StarterContent/Textures/T_Concrete_Poured_N.uasset" 556
"../../../Duat/Content/StarterContent/Materials/M_Concrete_Poured.uasset" 557
"../../../Duat/Content/StarterContent/Textures/T_Concrete_Tiles_D.uasset" 558
"../../../Duat/Content/StarterContent/Textures/T_Concrete_Tiles_M.uasset" 559
"../../../Duat/Content/StarterContent/Textures/T_Concrete_Tiles_N.uasset" 560
"../../../Duat/Content/StarterContent/Textures/T_Concrete_Tiles_Variation_M.uasset" 561
"../../../Duat/Content/StarterContent/Materials/M_Concrete_Tiles.uasset" 562
"../../../Duat/Content/StarterContent/Textures/T_Ground_Grass_D.uasset" 563
"../../../Duat/Content/StarterContent/Textures/T_Ground_Grass_N.uasset" 564
"../../../Duat/Content/StarterContent/Materials/M_Ground_Grass.uasset" 565
"../../../Duat/Content/StarterContent/Textures/T_Ground_Gravel_D.uasset" 566
"../../../Duat/Content/StarterContent/Textures/T_Ground_Gravel_N.uasset" 567
"../../../Duat/Content/StarterContent/Materials/M_Ground_Gravel.uasset" 568
"../../../Duat/Content/StarterContent/Textures/T_ground_Moss_D.uasset" 569
"../../../Duat/Content/StarterContent/Textures/T_Ground_Moss_N.uasset" 570
"../../../Duat/Content/StarterContent/Materials/M_Ground_Moss.uasset" 571
"../../../Duat/Content/StarterContent/Materials/M_Metal_Chrome.uasset" 572
"../../../Duat/Content/StarterContent/Textures/T_Metal_Gold_D.uasset" 573
"../../../Duat/Content/StarterContent/Materials/M_Metal_Gold.uasset" 574
"../../../Duat/Content/StarterContent/Textures/T_Metal_Rust_D.uasset" 575
"../../../Duat/Content/StarterContent/Materials/M_Metal_Rust.uasset" 576
"../../../Duat/Content/StarterContent/Textures/T_Metal_Steel_D.uasset" 577
"../../../Duat/Content/StarterContent/Textures/T_Metal_Steel_N.uasset" 578
"../../../Duat/Content/StarterContent/Materials/M_Metal_Steel.uasset" 579
"../../../Duat/Content/StarterContent/Textures/T_Rock_Basalt_N.uasset" 580
"../../../Duat/Content/StarterContent/Materials/M_Rock_Basalt.uasset" 581
"../../../Duat/Content/StarterContent/Materials/M_Rock_Marble_Polished.uasset" 582
"../../../Duat/Content/StarterContent/Textures/T_Rock_Slate_D.uasset" 583
"../../../Duat/Content/StarterContent/Textures/T_Rock_Slate_N.uasset" 584
"../../../Duat/Content/StarterContent/Materials/M_Rock_Slate.uasset" 585
"../../../Duat/Content/StarterContent/Textures/T_Checker_Noise_M.uasset" 586
"../../../Duat/Content/StarterContent/Textures/T_Single_Tile_N.uasset" 587
"../../../Duat/Content/StarterContent/Textures/T_Tech_Dot_M.uasset" 588
"../../../Duat/Content/StarterContent/Textures/T_Tech_Dot_N.uasset" 589
"../../../Duat/Content/StarterContent/Materials/M_Tech_Checker_Dot.uasset" 590
"../../../Duat/Content/StarterContent/Textures/T_Tech_Hex_Tile_M.uasset" 591
"../../../Duat/Content/StarterContent/Textures/T_Tech_Hex_Tile_N.uasset" 592
"../../../Duat/Content/StarterContent/Materials/M_Tech_Hex_Tile.uasset" 593
"../../../Duat/Content/StarterContent/Materials/M_Tech_Hex_Tile_Pulse.uasset" 594
"../../../Duat/Content/StarterContent/Textures/T_Tech_Panel_M.uasset" 595
"../../../Duat/Content/StarterContent/Textures/T_Tech_Panel_N.uasset" 596
"../../../Duat/Content/StarterContent/Materials/M_Tech_Panel.uasset" 597
"../../../Duat/Content/StarterContent/Materials/M_Water_Lake.uasset" 598
"../../../Duat/Content/StarterContent/Textures/T_Water_M.uasset" 599
"../../../Duat/Content/StarterContent/Materials/M_Water_Ocean.uasset" 600
"../../../Duat/Content/StarterContent/Textures/T_Wood_Floor_Walnut_D.uasset" 601
"../../../Duat/Content/StarterContent/Textures/T_Wood_Floor_Walnut_M.uasset" 602
"../../../Duat/Content/StarterContent/Textures/T_Wood_Floor_Walnut_N.uasset" 603
"../../../Duat/Content/StarterContent/Materials/M_Wood_Floor_Walnut_Polished.uasset" 604
"../../../Engine/Content/Functions/Engine_MaterialFunctions01/Opacity/AlphaOffset.uasset" 605
"../../../Duat/Content/StarterContent/Materials/M_Wood_Floor_Walnut_Worn.uasset" 606
"../../../Duat/Content/StarterContent/Textures/T_Wood_Oak_D.uasset" 607
"../../../Duat/Content/StarterContent/Textures/T_Wood_Oak_N.uasset" 608
"../../../Duat/Content/StarterContent/Materials/M_Wood_Oak.uasset" 609
"../../../Duat/Content/StarterContent/Textures/T_Wood_Pine_D.uasset" 610
"../../../Duat/Content/StarterContent/Textures/T_Wood_Pine_N.uasset" 611
"../../../Duat/Content/StarterContent/Materials/M_Wood_Pine.uasset" 612
"../../../Duat/Content/StarterContent/Textures/T_Wood_Walnut_D.uasset" 613
"../../../Duat/Content/StarterContent/Textures/T_Wood_Walnut_N.uasset" 614
"../../../Duat/Content/StarterContent/Materials/M_Wood_Walnut.uasset" 615
"../../../Duat/Content/StarterContent/Architecture/Wall_400x200.uasset" 616
"../../../Duat/Content/StarterContent/Architecture/Wall_Door_400x300.uasset" 617
"../../../Duat/Content/StarterContent/Architecture/Wall_Window_400x300.uasset" 618
"../../../Duat/Content/StarterContent/Audio/Collapse_Cue.uasset" 619
"../../../Duat/Content/StarterContent/Audio/Starter_Music_Cue.uasset" 620
"../../../Duat/Content/StarterContent/Textures/T_Dust_Particle_D.uasset" 621
"../../../Duat/Content/StarterContent/Particles/Materials/M_Dust_Particle.uasset" 622
"../../../Duat/Content/StarterContent/Particles/P_Ambient_Dust.uasset" 623
"../../../Duat/Content/StarterContent/Props/MaterialSphere.uasset" 624
"../../../Duat/Content/StarterContent/Textures/T_Frame_M.uasset" 625
"../../../Duat/Content/StarterContent/Textures/T_Frame_N.uasset" 626
"../../../Duat/Content/StarterContent/Props/Materials/M_Frame.uasset" 627
"../../../Duat/Content/StarterContent/Props/SM_CornerFrame.uasset" 628
"../../../Duat/Content/StarterContent/Props/SM_DoorFrame.uasset" 629
"../../../Duat/Content/StarterContent/Props/SM_GlassWindow.uasset" 630
"../../../Duat/Content/StarterContent/Props/SM_PillarFrame.uasset" 631
"../../../Duat/Content/StarterContent/Props/SM_PillarFrame300.uasset" 632
"../../../Duat/Content/StarterContent/Props/SM_WindowFrame.uasset" 633
"../../../Duat/Content/StarterContent/Shapes/Shape_Cube.uasset" 634
"../../../Duat/Content/StarterContent/Shapes/Shape_QuadPyramid.uasset" 635
"../../../Duat/Content/StarterContent/Shapes/Shape_Sphere.uasset" 636
"../../../Duat/Content/StarterContent/Maps/StarterMap.umap" 637
"../../../Duat/Content/TwinStickBP/TestLevel.umap" 638
"../../../Duat/Content/TwinStickBP/Blueprints/TwinStickGameMode.uasset" 639
"../../../Duat/Content/TwinStickBP/Maps/TwinStickExampleMap_BuiltData.uasset" 640
"../../../Duat/Content/Geometry/Meshes/1M_Cube.uasset" 641
"../../../Duat/Content/Geometry/Meshes/1M_Cube_Chamfer.uasset" 642
"../../../Duat/Content/TwinStickBP/Maps/TwinStickExampleMap.umap" 643
